<?xml version="1.0" encoding="UTF-8"?>
<!-- Generated by org.testng.reporters.JUnitXMLReporter -->
<testsuite ignored="1" hostname="Daytona" failures="2" tests="5" name="Login_TestCases" time="69.438" errors="0" timestamp="2021-07-10T09:55:14 IST">
  <testcase classname="com.inetBanking.testCases.Login_TC_001" name="loginTest2" time="10.193"/>
  <testcase classname="com.inetBanking.testCases.Login_TC_001" name="loginTest2" time="5.238">
    <failure type="java.lang.AssertionError">
      <![CDATA[java.lang.AssertionError
at org.junit.Assert.fail(Assert.java:86)
at org.junit.Assert.assertTrue(Assert.java:41)
at org.junit.Assert.assertTrue(Assert.java:52)
at com.inetBanking.testCases.Login_TC_001.loginTest2(Login_TC_001.java:97)
at java.base/java.util.ArrayList.forEach(ArrayList.java:1541)
... Removed 27 stack frames]]>
    </failure>
  </testcase> <!-- loginTest2 -->
  <testcase classname="com.inetBanking.testCases.Login_TC_001" name="loginTest2" time="4.849">
    <failure type="java.lang.AssertionError">
      <![CDATA[java.lang.AssertionError
at org.junit.Assert.fail(Assert.java:86)
at org.junit.Assert.assertTrue(Assert.java:41)
at org.junit.Assert.assertTrue(Assert.java:52)
at com.inetBanking.testCases.Login_TC_001.loginTest2(Login_TC_001.java:97)
at java.base/java.util.ArrayList.forEach(ArrayList.java:1541)
... Removed 27 stack frames]]>
    </failure>
  </testcase> <!-- loginTest2 -->
  <testcase classname="com.inetBanking.testCases.Login_TC_001" name="loginTest2" time="9.489"/>
  <testcase classname="com.inetBanking.testCases.AddCustomer_TC_001" name="addNewCustomer" time="25.348"/>
  <testcase classname="com.inetBanking.testCases.Login_TC_001" name="loginTest" time="0.0">
    <ignored/>
  </testcase> <!-- loginTest -->
</testsuite> <!-- Login_TestCases -->
