<?xml version="1.0" encoding="UTF-8"?>
<!-- Generated by org.testng.reporters.JUnitXMLReporter -->
<testsuite ignored="1" hostname="Daytona" failures="0" tests="2" name="Login_TestCases" time="80.461" errors="0" timestamp="2021-07-11T19:09:46 IST">
  <testcase classname="com.inetBanking.testCases.Login_TC_001" name="loginTest" time="8.672"/>
  <testcase classname="com.inetBanking.testCases.AddCustomer_TC_001" name="addNewCustomer" time="27.756"/>
  <testcase classname="com.inetBanking.testCases.Login_TC_001" name="loginTest2" time="0.0">
    <ignored/>
  </testcase> <!-- loginTest2 -->
</testsuite> <!-- Login_TestCases -->
