<?xml version="1.0" encoding="UTF-8"?>
<testng-results ignored="1" total="3" passed="2" failed="0" skipped="0">
  <reporter-output>
  </reporter-output>
  <suite started-at="2021-07-11T19:08:26 IST" name="inetBanking_Version0.1" finished-at="2021-07-11T19:09:46 IST" duration-ms="80461">
    <groups>
    </groups>
    <test started-at="2021-07-11T19:08:26 IST" name="Login_TestCases" finished-at="2021-07-11T19:09:46 IST" duration-ms="80461">
      <class name="com.inetBanking.testCases.AddCustomer_TC_001">
        <test-method is-config="true" signature="initialSetUp(java.lang.String)[pri:0, instance:com.inetBanking.testCases.AddCustomer_TC_001@68267da0]" started-at="2021-07-11T19:09:11 IST" name="initialSetUp" finished-at="2021-07-11T19:09:18 IST" duration-ms="6331" status="PASS">
          <params>
            <param index="0">
              <value>
                <![CDATA[chrome]]>
              </value>
            </param>
          </params>
          <reporter-output>
          </reporter-output>
        </test-method> <!-- initialSetUp -->
        <test-method signature="addNewCustomer()[pri:0, instance:com.inetBanking.testCases.AddCustomer_TC_001@68267da0]" started-at="2021-07-11T19:09:18 IST" name="addNewCustomer" finished-at="2021-07-11T19:09:45 IST" duration-ms="27756" status="PASS">
          <reporter-output>
          </reporter-output>
        </test-method> <!-- addNewCustomer -->
        <test-method is-config="true" signature="tearDown()[pri:0, instance:com.inetBanking.testCases.AddCustomer_TC_001@68267da0]" started-at="2021-07-11T19:09:45 IST" name="tearDown" finished-at="2021-07-11T19:09:46 IST" duration-ms="853" status="PASS">
          <reporter-output>
          </reporter-output>
        </test-method> <!-- tearDown -->
      </class> <!-- com.inetBanking.testCases.AddCustomer_TC_001 -->
      <class name="com.inetBanking.testCases.Login_TC_001">
        <test-method is-config="true" signature="initialSetUp(java.lang.String)[pri:0, instance:com.inetBanking.testCases.Login_TC_001@683dbc2c]" started-at="2021-07-11T19:08:26 IST" name="initialSetUp" finished-at="2021-07-11T19:09:02 IST" duration-ms="35329" status="PASS">
          <params>
            <param index="0">
              <value>
                <![CDATA[chrome]]>
              </value>
            </param>
          </params>
          <reporter-output>
          </reporter-output>
        </test-method> <!-- initialSetUp -->
        <test-method signature="loginTest()[pri:0, instance:com.inetBanking.testCases.Login_TC_001@683dbc2c]" started-at="2021-07-11T19:09:02 IST" name="loginTest" finished-at="2021-07-11T19:09:10 IST" duration-ms="8672" status="PASS">
          <reporter-output>
          </reporter-output>
        </test-method> <!-- loginTest -->
        <test-method is-config="true" signature="tearDown()[pri:0, instance:com.inetBanking.testCases.Login_TC_001@683dbc2c]" started-at="2021-07-11T19:09:11 IST" name="tearDown" finished-at="2021-07-11T19:09:11 IST" duration-ms="889" status="PASS">
          <reporter-output>
          </reporter-output>
        </test-method> <!-- tearDown -->
      </class> <!-- com.inetBanking.testCases.Login_TC_001 -->
    </test> <!-- Login_TestCases -->
  </suite> <!-- inetBanking_Version0.1 -->
</testng-results>
